This file contains any messages produced by compilers while
running configure, to aid debugging if configure makes a mistake.

It was created by mate-desktop configure 1.29.0, which was
generated by GNU Autoconf 2.71.  Invocation command line was

  $ ../configure

## --------- ##
## Platform. ##
## --------- ##

hostname = dh-Vivobook-Go-E1504GAB-E1504GA
uname -m = x86_64
uname -r = 6.14.0-37-generic
uname -s = Linux
uname -v = #37~24.04.1-Ubuntu SMP PREEMPT_DYNAMIC Thu Nov 20 10:25:38 UTC 2

/usr/bin/uname -p = x86_64
/bin/uname -X     = unknown

/bin/arch              = x86_64
/usr/bin/arch -k       = unknown
/usr/convex/getsysinfo = unknown
/usr/bin/hostinfo      = unknown
/bin/machine           = unknown
/usr/bin/oslevel       = unknown
/bin/universe          = unknown

PATH: /home/dh_asus_viv/.local/bin/
PATH: /home/dh_asus_viv/.nvm/versions/node/v24.12.0/bin/
PATH: /home/dh_asus_viv/.local/share/pnpm/
PATH: /home/dh_asus_viv/.local/bin/
PATH: /usr/local/sbin/
PATH: /usr/local/bin/
PATH: /usr/sbin/
PATH: /usr/bin/
PATH: /sbin/
PATH: /bin/
PATH: /usr/games/
PATH: /usr/local/games/
PATH: /snap/bin/


## ----------- ##
## Core tests. ##
## ----------- ##

configure:2619: looking for aux files: config.rpath config.guess config.sub ltmain.sh compile missing install-sh
configure:2632:  trying ../build-aux/
configure:2661:   ../build-aux/config.rpath found
configure:2661:   ../build-aux/config.guess found
configure:2661:   ../build-aux/config.sub found
configure:2661:   ../build-aux/ltmain.sh found
configure:2661:   ../build-aux/compile found
configure:2661:   ../build-aux/missing found
configure:2643:   ../build-aux/install-sh found
configure:2793: checking for a BSD-compatible install
configure:2866: result: /usr/bin/install -c
configure:2877: checking whether build environment is sane
configure:2932: result: yes
configure:3091: checking for a race-free mkdir -p
configure:3135: result: /usr/bin/mkdir -p
configure:3142: checking for gawk
configure:3177: result: no
configure:3142: checking for mawk
configure:3163: found /usr/bin/mawk
configure:3174: result: mawk
configure:3185: checking whether make sets $(MAKE)
configure:3208: result: yes
configure:3238: checking whether make supports nested variables
configure:3256: result: yes
configure:3341: checking whether UID '1000' is supported by ustar format
configure:3344: result: yes
configure:3351: checking whether GID '1000' is supported by ustar format
configure:3354: result: yes
configure:3362: checking how to create a ustar tar archive
configure:3373: tar --version
tar (GNU tar) 1.35
Copyright (C) 2023 Free Software Foundation, Inc.
License GPLv3+: GNU GPL version 3 or later <https://gnu.org/licenses/gpl.html>.
This is free software: you are free to change and redistribute it.
There is NO WARRANTY, to the extent permitted by law.

Written by John Gilmore and Jay Fenlason.
configure:3376: $? = 0
configure:3416: tardir=conftest.dir && eval tar --format=ustar -chf - "$tardir" >conftest.tar
configure:3419: $? = 0
configure:3423: tar -xf - <conftest.tar
configure:3426: $? = 0
configure:3428: cat conftest.dir/file
GrepMe
configure:3431: $? = 0
configure:3445: result: gnutar
configure:3521: checking whether make supports nested variables
configure:3539: result: yes
configure:3571: checking whether to enable maintainer-specific portions of Makefiles
configure:3581: result: no
configure:3609: checking whether to enable debugging
configure:3674: result: no
configure:3725: checking whether make supports the include directive
configure:3740: make -f confmf.GNU && cat confinc.out
this is the am__doit target
configure:3743: $? = 0
configure:3762: result: yes (GNU style)
configure:3838: checking for gcc
configure:3859: found /usr/bin/gcc
configure:3870: result: gcc
configure:4223: checking for C compiler version
configure:4232: gcc --version >&5
gcc (Ubuntu 13.3.0-6ubuntu2~24.04) 13.3.0
Copyright (C) 2023 Free Software Foundation, Inc.
This is free software; see the source for copying conditions.  There is NO
warranty; not even for MERCHANTABILITY or FITNESS FOR A PARTICULAR PURPOSE.

configure:4243: $? = 0
configure:4232: gcc -v >&5
Using built-in specs.
COLLECT_GCC=gcc
COLLECT_LTO_WRAPPER=/usr/libexec/gcc/x86_64-linux-gnu/13/lto-wrapper
OFFLOAD_TARGET_NAMES=nvptx-none:amdgcn-amdhsa
OFFLOAD_TARGET_DEFAULT=1
Target: x86_64-linux-gnu
Configured with: ../src/configure -v --with-pkgversion='Ubuntu 13.3.0-6ubuntu2~24.04' --with-bugurl=file:///usr/share/doc/gcc-13/README.Bugs --enable-languages=c,ada,c++,go,d,fortran,objc,obj-c++,m2 --prefix=/usr --with-gcc-major-version-only --program-suffix=-13 --program-prefix=x86_64-linux-gnu- --enable-shared --enable-linker-build-id --libexecdir=/usr/libexec --without-included-gettext --enable-threads=posix --libdir=/usr/lib --enable-nls --enable-bootstrap --enable-clocale=gnu --enable-libstdcxx-debug --enable-libstdcxx-time=yes --with-default-libstdcxx-abi=new --enable-libstdcxx-backtrace --enable-gnu-unique-object --disable-vtable-verify --enable-plugin --enable-default-pie --with-system-zlib --enable-libphobos-checking=release --with-target-system-zlib=auto --enable-objc-gc=auto --enable-multiarch --disable-werror --enable-cet --with-arch-32=i686 --with-abi=m64 --with-multilib-list=m32,m64,mx32 --enable-multilib --with-tune=generic --enable-offload-targets=nvptx-none=/build/gcc-13-fG75Ri/gcc-13-13.3.0/debian/tmp-nvptx/usr,amdgcn-amdhsa=/build/gcc-13-fG75Ri/gcc-13-13.3.0/debian/tmp-gcn/usr --enable-offload-defaulted --without-cuda-driver --enable-checking=release --build=x86_64-linux-gnu --host=x86_64-linux-gnu --target=x86_64-linux-gnu --with-build-config=bootstrap-lto-lean --enable-link-serialization=2
Thread model: posix
Supported LTO compression algorithms: zlib zstd
gcc version 13.3.0 (Ubuntu 13.3.0-6ubuntu2~24.04) 
... rest of stderr output deleted ...
configure:4243: $? = 0
configure:4232: gcc -V >&5
gcc: error: unrecognized command-line option '-V'
gcc: fatal error: no input files
compilation terminated.
configure:4243: $? = 1
configure:4232: gcc -qversion >&5
gcc: error: unrecognized command-line option '-qversion'; did you mean '--version'?
gcc: fatal error: no input files
compilation terminated.
configure:4243: $? = 1
configure:4232: gcc -version >&5
gcc: error: unrecognized command-line option '-version'
gcc: fatal error: no input files
compilation terminated.
configure:4243: $? = 1
configure:4263: checking whether the C compiler works
configure:4285: gcc    conftest.c  >&5
configure:4289: $? = 0
configure:4339: result: yes
configure:4342: checking for C compiler default output file name
configure:4344: result: a.out
configure:4350: checking for suffix of executables
configure:4357: gcc -o conftest    conftest.c  >&5
configure:4361: $? = 0
configure:4384: result: 
configure:4406: checking whether we are cross compiling
configure:4414: gcc -o conftest    conftest.c  >&5
configure:4418: $? = 0
configure:4425: ./conftest
configure:4429: $? = 0
configure:4444: result: no
configure:4449: checking for suffix of object files
configure:4472: gcc -c   conftest.c >&5
configure:4476: $? = 0
configure:4498: result: o
configure:4502: checking whether the compiler supports GNU C
configure:4522: gcc -c   conftest.c >&5
configure:4522: $? = 0
configure:4532: result: yes
configure:4543: checking whether gcc accepts -g
configure:4564: gcc -c -g  conftest.c >&5
configure:4564: $? = 0
configure:4608: result: yes
configure:4628: checking for gcc option to enable C11 features
configure:4643: gcc  -c   conftest.c >&5
configure:4643: $? = 0
configure:4661: result: none needed
configure:4777: checking whether gcc understands -c and -o together
configure:4800: gcc -c conftest.c -o conftest2.o
configure:4803: $? = 0
configure:4800: gcc -c conftest.c -o conftest2.o
configure:4803: $? = 0
configure:4815: result: yes
configure:4834: checking dependency style of gcc
configure:4946: result: gcc3
configure:5010: checking whether C compiler accepts -Werror=unknown-warning-option
configure:5030: gcc -c   -Werror=unknown-warning-option  conftest.c >&5
cc1: error: '-Werror=unknown-warning-option': no option '-Wunknown-warning-option'
configure:5030: $? = 1
configure: failed program was:
| /* confdefs.h */
| #define PACKAGE_NAME "mate-desktop"
| #define PACKAGE_TARNAME "mate-desktop"
| #define PACKAGE_VERSION "1.29.0"
| #define PACKAGE_STRING "mate-desktop 1.29.0"
| #define PACKAGE_BUGREPORT "https://github.com/mate-desktop/mate-desktop/"
| #define PACKAGE_URL ""
| #define PACKAGE "mate-desktop"
| #define VERSION "1.29.0"
| #define NDEBUG 1
| /* end confdefs.h.  */
| 
| int
| main (void)
| {
| 
|   ;
|   return 0;
| }
configure:5039: result: no
configure:5055: checking whether C compiler accepts -Wall
configure:5075: gcc -c   -Wall  conftest.c >&5
configure:5075: $? = 0
configure:5085: result: yes
configure:5114: : WARN_CFLAGS="$WARN_CFLAGS"
configure:5117: $? = 0
configure:5055: checking whether C compiler accepts -Wmissing-prototypes
configure:5075: gcc -c   -Wmissing-prototypes  conftest.c >&5
configure:5075: $? = 0
configure:5085: result: yes
configure:5103: : WARN_CFLAGS="$WARN_CFLAGS"
configure:5106: $? = 0
configure:5128: checking flags to pass to the C compiler gcc
configure:5130: result: -Wall -Wmissing-prototypes
configure:5208: checking for gcc
configure:5240: result: gcc
configure:5593: checking for C compiler version
configure:5602: gcc --version >&5
gcc (Ubuntu 13.3.0-6ubuntu2~24.04) 13.3.0
Copyright (C) 2023 Free Software Foundation, Inc.
This is free software; see the source for copying conditions.  There is NO
warranty; not even for MERCHANTABILITY or FITNESS FOR A PARTICULAR PURPOSE.

configure:5613: $? = 0
configure:5602: gcc -v >&5
Using built-in specs.
COLLECT_GCC=gcc
COLLECT_LTO_WRAPPER=/usr/libexec/gcc/x86_64-linux-gnu/13/lto-wrapper
OFFLOAD_TARGET_NAMES=nvptx-none:amdgcn-amdhsa
OFFLOAD_TARGET_DEFAULT=1
Target: x86_64-linux-gnu
Configured with: ../src/configure -v --with-pkgversion='Ubuntu 13.3.0-6ubuntu2~24.04' --with-bugurl=file:///usr/share/doc/gcc-13/README.Bugs --enable-languages=c,ada,c++,go,d,fortran,objc,obj-c++,m2 --prefix=/usr --with-gcc-major-version-only --program-suffix=-13 --program-prefix=x86_64-linux-gnu- --enable-shared --enable-linker-build-id --libexecdir=/usr/libexec --without-included-gettext --enable-threads=posix --libdir=/usr/lib --enable-nls --enable-bootstrap --enable-clocale=gnu --enable-libstdcxx-debug --enable-libstdcxx-time=yes --with-default-libstdcxx-abi=new --enable-libstdcxx-backtrace --enable-gnu-unique-object --disable-vtable-verify --enable-plugin --enable-default-pie --with-system-zlib --enable-libphobos-checking=release --with-target-system-zlib=auto --enable-objc-gc=auto --enable-multiarch --disable-werror --enable-cet --with-arch-32=i686 --with-abi=m64 --with-multilib-list=m32,m64,mx32 --enable-multilib --with-tune=generic --enable-offload-targets=nvptx-none=/build/gcc-13-fG75Ri/gcc-13-13.3.0/debian/tmp-nvptx/usr,amdgcn-amdhsa=/build/gcc-13-fG75Ri/gcc-13-13.3.0/debian/tmp-gcn/usr --enable-offload-defaulted --without-cuda-driver --enable-checking=release --build=x86_64-linux-gnu --host=x86_64-linux-gnu --target=x86_64-linux-gnu --with-build-config=bootstrap-lto-lean --enable-link-serialization=2
Thread model: posix
Supported LTO compression algorithms: zlib zstd
gcc version 13.3.0 (Ubuntu 13.3.0-6ubuntu2~24.04) 
... rest of stderr output deleted ...
configure:5613: $? = 0
configure:5602: gcc -V >&5
gcc: error: unrecognized command-line option '-V'
gcc: fatal error: no input files
compilation terminated.
configure:5613: $? = 1
configure:5602: gcc -qversion >&5
gcc: error: unrecognized command-line option '-qversion'; did you mean '--version'?
gcc: fatal error: no input files
compilation terminated.
configure:5613: $? = 1
configure:5602: gcc -version >&5
gcc: error: unrecognized command-line option '-version'
gcc: fatal error: no input files
compilation terminated.
configure:5613: $? = 1
configure:5617: checking whether the compiler supports GNU C
configure:5647: result: yes
configure:5658: checking whether gcc accepts -g
configure:5723: result: yes
configure:5743: checking for gcc option to enable C11 features
configure:5776: result: none needed
configure:5892: checking whether gcc understands -c and -o together
configure:5930: result: yes
configure:5949: checking dependency style of gcc
configure:6061: result: gcc3
configure:6080: checking for stdio.h
configure:6080: gcc -c   conftest.c >&5
configure:6080: $? = 0
configure:6080: result: yes
configure:6080: checking for stdlib.h
configure:6080: gcc -c   conftest.c >&5
configure:6080: $? = 0
configure:6080: result: yes
configure:6080: checking for string.h
configure:6080: gcc -c   conftest.c >&5
configure:6080: $? = 0
configure:6080: result: yes
configure:6080: checking for inttypes.h
configure:6080: gcc -c   conftest.c >&5
configure:6080: $? = 0
configure:6080: result: yes
configure:6080: checking for stdint.h
configure:6080: gcc -c   conftest.c >&5
configure:6080: $? = 0
configure:6080: result: yes
configure:6080: checking for strings.h
configure:6080: gcc -c   conftest.c >&5
configure:6080: $? = 0
configure:6080: result: yes
configure:6080: checking for sys/stat.h
configure:6080: gcc -c   conftest.c >&5
configure:6080: $? = 0
configure:6080: result: yes
configure:6080: checking for sys/types.h
configure:6080: gcc -c   conftest.c >&5
configure:6080: $? = 0
configure:6080: result: yes
configure:6080: checking for unistd.h
configure:6080: gcc -c   conftest.c >&5
configure:6080: $? = 0
configure:6080: result: yes
configure:6105: checking for grep that handles long lines and -e
configure:6169: result: /usr/bin/grep
configure:6177: checking for egrep
configure:6245: result: /usr/bin/grep -E
configure:6283: checking build system type
configure:6298: result: x86_64-pc-linux-gnu
configure:6318: checking host system type
configure:6332: result: x86_64-pc-linux-gnu
configure:6373: checking how to print strings
configure:6400: result: printf
configure:6421: checking for a sed that does not truncate output
configure:6491: result: /usr/bin/sed
configure:6509: checking for fgrep
configure:6577: result: /usr/bin/grep -F
configure:6613: checking for ld used by gcc
configure:6681: result: /usr/bin/ld
configure:6688: checking if the linker (/usr/bin/ld) is GNU ld
configure:6704: result: yes
configure:6716: checking for BSD- or MS-compatible name lister (nm)
configure:6771: result: /usr/bin/nm -B
configure:6911: checking the name lister (/usr/bin/nm -B) interface
configure:6919: gcc -c   conftest.c >&5
configure:6922: /usr/bin/nm -B "conftest.o"
configure:6925: output
0000000000000000 B some_variable
configure:6932: result: BSD nm
configure:6935: checking whether ln -s works
configure:6939: result: yes
configure:6947: checking the maximum length of command line arguments
configure:7079: result: 1572864
configure:7127: checking how to convert x86_64-pc-linux-gnu file names to x86_64-pc-linux-gnu format
configure:7168: result: func_convert_file_noop
configure:7175: checking how to convert x86_64-pc-linux-gnu file names to toolchain format
configure:7196: result: func_convert_file_noop
configure:7203: checking for /usr/bin/ld option to reload object files
configure:7211: result: -r
configure:7290: checking for file
configure:7311: found /usr/bin/file
configure:7322: result: file
configure:7398: checking for objdump
configure:7419: found /usr/bin/objdump
configure:7430: result: objdump
configure:7462: checking how to recognize dependent libraries
configure:7663: result: pass_all
configure:7753: checking for dlltool
configure:7788: result: no
configure:7818: checking how to associate runtime and link libraries
configure:7846: result: printf %s\n
configure:7911: checking for ar
configure:7932: found /usr/bin/ar
configure:7943: result: ar
configure:7996: checking for archiver @FILE support
configure:8014: gcc -c   conftest.c >&5
configure:8014: $? = 0
configure:8018: ar cr libconftest.a @conftest.lst >&5
configure:8021: $? = 0
configure:8026: ar cr libconftest.a @conftest.lst >&5
ar: conftest.o: No such file or directory
configure:8029: $? = 1
configure:8041: result: @
configure:8104: checking for strip
configure:8125: found /usr/bin/strip
configure:8136: result: strip
configure:8213: checking for ranlib
configure:8234: found /usr/bin/ranlib
configure:8245: result: ranlib
configure:8347: checking command to parse /usr/bin/nm -B output from gcc object
configure:8501: gcc -c   conftest.c >&5
configure:8504: $? = 0
configure:8508: /usr/bin/nm -B conftest.o | /usr/bin/sed -n -e 's/^.*[	 ]\([ABCDGIRSTW][ABCDGIRSTW]*\)[	 ][	 ]*\([_A-Za-z][_A-Za-z0-9]*\)$/\1 \2 \2/p' | /usr/bin/sed '/ __gnu_lto/d' > conftest.nm
configure:8574: gcc -o conftest    conftest.c conftstm.o >&5
configure:8577: $? = 0
configure:8615: result: ok
configure:8662: checking for sysroot
configure:8693: result: no
configure:8700: checking for a working dd
configure:8744: result: /usr/bin/dd
configure:8748: checking how to truncate binary pipes
configure:8764: result: /usr/bin/dd bs=4096 count=1
configure:8901: gcc -c   conftest.c >&5
configure:8904: $? = 0
configure:9101: checking for mt
configure:9122: found /usr/bin/mt
configure:9133: result: mt
configure:9156: checking if mt is a manifest tool
configure:9163: mt '-?'
configure:9171: result: no
configure:9892: checking for dlfcn.h
configure:9892: gcc -c   conftest.c >&5
configure:9892: $? = 0
configure:9892: result: yes
configure:10151: checking for objdir
configure:10167: result: .libs
configure:10431: checking if gcc supports -fno-rtti -fno-exceptions
configure:10450: gcc -c   -fno-rtti -fno-exceptions conftest.c >&5
cc1: warning: command-line option '-fno-rtti' is valid for C++/D/ObjC++ but not for C
configure:10454: $? = 0
configure:10467: result: no
configure:10831: checking for gcc option to produce PIC
configure:10839: result: -fPIC -DPIC
configure:10847: checking if gcc PIC flag -fPIC -DPIC works
configure:10866: gcc -c   -fPIC -DPIC -DPIC conftest.c >&5
configure:10870: $? = 0
configure:10883: result: yes
configure:10912: checking if gcc static flag -static works
configure:10941: result: yes
configure:10956: checking if gcc supports -c -o file.o
configure:10978: gcc -c   -o out/conftest2.o conftest.c >&5
configure:10982: $? = 0
configure:11004: result: yes
configure:11012: checking if gcc supports -c -o file.o
configure:11060: result: yes
configure:11093: checking whether the gcc linker (/usr/bin/ld -m elf_x86_64) supports shared libraries
configure:12367: result: yes
configure:12404: checking whether -lc should be explicitly linked in
configure:12413: gcc -c   conftest.c >&5
configure:12416: $? = 0
configure:12431: gcc -shared  -fPIC -DPIC conftest.o  -v -Wl,-soname -Wl,conftest -o conftest 2\>\&1 \| /usr/bin/grep  -lc  \>/dev/null 2\>\&1
configure:12434: $? = 0
configure:12448: result: no
configure:12608: checking dynamic linker characteristics
configure:13190: gcc -o conftest    -Wl,-rpath -Wl,/foo conftest.c  >&5
configure:13190: $? = 0
configure:13441: result: GNU/Linux ld.so
configure:13563: checking how to hardcode library paths into programs
configure:13588: result: immediate
configure:14140: checking whether stripping libraries is possible
configure:14149: result: yes
configure:14191: checking if libtool supports shared libraries
configure:14193: result: yes
configure:14196: checking whether to build shared libraries
configure:14221: result: yes
configure:14224: checking whether to build static libraries
configure:14228: result: yes
configure:14324: checking for pkg-config
configure:14347: found /usr/bin/pkg-config
configure:14359: result: /usr/bin/pkg-config
configure:14384: checking pkg-config is at least version 0.9.0
configure:14387: result: yes
configure:14493: checking for dconf >= 0.13.4
configure:14500: $PKG_CONFIG --exists --print-errors "dconf >= $DCONF_REQUIRED"
configure:14503: $? = 0
configure:14517: $PKG_CONFIG --exists --print-errors "dconf >= $DCONF_REQUIRED"
configure:14520: $? = 0
configure:14578: result: yes
configure:14598: checking Startup notification library >= 0.5
configure:14607: result: yes
configure:14647: checking how to run the C preprocessor
configure:14673: gcc -E  conftest.c
configure:14673: $? = 0
configure:14688: gcc -E  conftest.c
conftest.c:25:10: fatal error: ac_nonexistent.h: No such file or directory
   25 | #include <ac_nonexistent.h>
      |          ^~~~~~~~~~~~~~~~~~
compilation terminated.
configure:14688: $? = 1
configure: failed program was:
| /* confdefs.h */
| #define PACKAGE_NAME "mate-desktop"
| #define PACKAGE_TARNAME "mate-desktop"
| #define PACKAGE_VERSION "1.29.0"
| #define PACKAGE_STRING "mate-desktop 1.29.0"
| #define PACKAGE_BUGREPORT "https://github.com/mate-desktop/mate-desktop/"
| #define PACKAGE_URL ""
| #define PACKAGE "mate-desktop"
| #define VERSION "1.29.0"
| #define NDEBUG 1
| #define HAVE_STDIO_H 1
| #define HAVE_STDLIB_H 1
| #define HAVE_STRING_H 1
| #define HAVE_INTTYPES_H 1
| #define HAVE_STDINT_H 1
| #define HAVE_STRINGS_H 1
| #define HAVE_SYS_STAT_H 1
| #define HAVE_SYS_TYPES_H 1
| #define HAVE_UNISTD_H 1
| #define STDC_HEADERS 1
| #define HAVE_DLFCN_H 1
| #define LT_OBJDIR ".libs/"
| #define HAVE_STARTUP_NOTIFICATION /**/
| /* end confdefs.h.  */
| #include <ac_nonexistent.h>
configure:14715: result: gcc -E
configure:14729: gcc -E  conftest.c
configure:14729: $? = 0
configure:14744: gcc -E  conftest.c
conftest.c:25:10: fatal error: ac_nonexistent.h: No such file or directory
   25 | #include <ac_nonexistent.h>
      |          ^~~~~~~~~~~~~~~~~~
compilation terminated.
configure:14744: $? = 1
configure: failed program was:
| /* confdefs.h */
| #define PACKAGE_NAME "mate-desktop"
| #define PACKAGE_TARNAME "mate-desktop"
| #define PACKAGE_VERSION "1.29.0"
| #define PACKAGE_STRING "mate-desktop 1.29.0"
| #define PACKAGE_BUGREPORT "https://github.com/mate-desktop/mate-desktop/"
| #define PACKAGE_URL ""
| #define PACKAGE "mate-desktop"
| #define VERSION "1.29.0"
| #define NDEBUG 1
| #define HAVE_STDIO_H 1
| #define HAVE_STDLIB_H 1
| #define HAVE_STRING_H 1
| #define HAVE_INTTYPES_H 1
| #define HAVE_STDINT_H 1
| #define HAVE_STRINGS_H 1
| #define HAVE_SYS_STAT_H 1
| #define HAVE_SYS_TYPES_H 1
| #define HAVE_UNISTD_H 1
| #define STDC_HEADERS 1
| #define HAVE_DLFCN_H 1
| #define LT_OBJDIR ".libs/"
| #define HAVE_STARTUP_NOTIFICATION /**/
| /* end confdefs.h.  */
| #include <ac_nonexistent.h>
configure:14775: checking for X
configure:14813: gcc -o conftest    conftest.c -lX11  >&5
configure:14813: $? = 0
configure:15000: result: libraries , headers 
configure:15006: checking for x11
configure:15013: $PKG_CONFIG --exists --print-errors "x11"
configure:15016: $? = 0
configure:15030: $PKG_CONFIG --exists --print-errors "x11"
configure:15033: $? = 0
configure:16071: result: yes
configure:16080: checking for xrandr
configure:16083: result: yes
configure:16102: checking for gdk-pixbuf-2.0 >= 2.36.5 gtk+-3.0 >= 3.22.0 glib-2.0 >= 2.50.0 gio-2.0 >= 2.26.0 libstartup-notification-1.0 xrandr iso-codes
configure:16109: $PKG_CONFIG --exists --print-errors "gdk-pixbuf-2.0 >= $GDK_PIXBUF_REQUIRED gtk+-3.0 >= $GTK_REQUIRED glib-2.0 >= $GLIB_REQUIRED gio-2.0 >= $GIO_REQUIRED $STARTUP_NOTIFICATION_PACKAGE $RANDR_PACKAGE iso-codes"
configure:16112: $? = 0
configure:16126: $PKG_CONFIG --exists --print-errors "gdk-pixbuf-2.0 >= $GDK_PIXBUF_REQUIRED gtk+-3.0 >= $GTK_REQUIRED glib-2.0 >= $GLIB_REQUIRED gio-2.0 >= $GIO_REQUIRED $STARTUP_NOTIFICATION_PACKAGE $RANDR_PACKAGE iso-codes"
configure:16129: $? = 0
configure:16187: result: yes
configure:16197: checking for gtk+-3.0 >= 3.22.0
configure:16204: $PKG_CONFIG --exists --print-errors "gtk+-3.0 >= $GTK_REQUIRED"
configure:16207: $? = 0
configure:16221: $PKG_CONFIG --exists --print-errors "gtk+-3.0 >= $GTK_REQUIRED"
configure:16224: $? = 0
configure:16282: result: yes
configure:16290: checking whether NLS is requested
configure:16300: result: yes
configure:16340: checking for msgfmt
configure: trying /usr/bin/msgfmt...
0 translated messages.
configure:16373: result: /usr/bin/msgfmt
configure:16382: checking for gmsgfmt
configure:16418: result: /usr/bin/msgfmt
configure:16468: checking for xgettext
configure: trying /usr/bin/xgettext...
/usr/bin/xgettext: warning: file '/dev/null' extension '' is unknown; will try C
configure:16501: result: /usr/bin/xgettext
configure:16546: checking for msgmerge
configure: trying /usr/bin/msgmerge...
configure:16578: result: /usr/bin/msgmerge
configure:16637: checking for ld used by gcc
configure:16705: result: /usr/bin/ld -m elf_x86_64
configure:16712: checking if the linker (/usr/bin/ld -m elf_x86_64) is GNU ld
configure:16728: result: yes
configure:16736: checking for shared library run path origin
configure:16750: result: done
configure:17326: checking for CFPreferencesCopyAppValue
configure:17345: gcc -o conftest    conftest.c  -Wl,-framework -Wl,CoreFoundation >&5
conftest.c:26:10: fatal error: CoreFoundation/CFPreferences.h: No such file or directory
   26 | #include <CoreFoundation/CFPreferences.h>
      |          ^~~~~~~~~~~~~~~~~~~~~~~~~~~~~~~~
compilation terminated.
configure:17345: $? = 1
configure: failed program was:
| /* confdefs.h */
| #define PACKAGE_NAME "mate-desktop"
| #define PACKAGE_TARNAME "mate-desktop"
| #define PACKAGE_VERSION "1.29.0"
| #define PACKAGE_STRING "mate-desktop 1.29.0"
| #define PACKAGE_BUGREPORT "https://github.com/mate-desktop/mate-desktop/"
| #define PACKAGE_URL ""
| #define PACKAGE "mate-desktop"
| #define VERSION "1.29.0"
| #define NDEBUG 1
| #define HAVE_STDIO_H 1
| #define HAVE_STDLIB_H 1
| #define HAVE_STRING_H 1
| #define HAVE_INTTYPES_H 1
| #define HAVE_STDINT_H 1
| #define HAVE_STRINGS_H 1
| #define HAVE_SYS_STAT_H 1
| #define HAVE_SYS_TYPES_H 1
| #define HAVE_UNISTD_H 1
| #define STDC_HEADERS 1
| #define HAVE_DLFCN_H 1
| #define LT_OBJDIR ".libs/"
| #define HAVE_STARTUP_NOTIFICATION /**/
| #define HAVE_RANDR 1
| /* end confdefs.h.  */
| #include <CoreFoundation/CFPreferences.h>
| int
| main (void)
| {
| CFPreferencesCopyAppValue(NULL, NULL)
|   ;
|   return 0;
| }
configure:17355: result: no
configure:17362: checking for CFLocaleCopyCurrent
configure:17381: gcc -o conftest    conftest.c  -Wl,-framework -Wl,CoreFoundation >&5
conftest.c:26:10: fatal error: CoreFoundation/CFLocale.h: No such file or directory
   26 | #include <CoreFoundation/CFLocale.h>
      |          ^~~~~~~~~~~~~~~~~~~~~~~~~~~
compilation terminated.
configure:17381: $? = 1
configure: failed program was:
| /* confdefs.h */
| #define PACKAGE_NAME "mate-desktop"
| #define PACKAGE_TARNAME "mate-desktop"
| #define PACKAGE_VERSION "1.29.0"
| #define PACKAGE_STRING "mate-desktop 1.29.0"
| #define PACKAGE_BUGREPORT "https://github.com/mate-desktop/mate-desktop/"
| #define PACKAGE_URL ""
| #define PACKAGE "mate-desktop"
| #define VERSION "1.29.0"
| #define NDEBUG 1
| #define HAVE_STDIO_H 1
| #define HAVE_STDLIB_H 1
| #define HAVE_STRING_H 1
| #define HAVE_INTTYPES_H 1
| #define HAVE_STDINT_H 1
| #define HAVE_STRINGS_H 1
| #define HAVE_SYS_STAT_H 1
| #define HAVE_SYS_TYPES_H 1
| #define HAVE_UNISTD_H 1
| #define STDC_HEADERS 1
| #define HAVE_DLFCN_H 1
| #define LT_OBJDIR ".libs/"
| #define HAVE_STARTUP_NOTIFICATION /**/
| #define HAVE_RANDR 1
| /* end confdefs.h.  */
| #include <CoreFoundation/CFLocale.h>
| int
| main (void)
| {
| CFLocaleCopyCurrent();
|   ;
|   return 0;
| }
configure:17391: result: no
configure:17440: checking for GNU gettext in libc
configure:17470: gcc -o conftest    conftest.c  >&5
configure:17470: $? = 0
configure:17480: result: yes
configure:18337: checking whether to use NLS
configure:18339: result: yes
configure:18342: checking where the gettext function comes from
configure:18353: result: libc
configure:18492: checking for pkg-config
configure:18527: result: /usr/bin/pkg-config
configure:18552: checking pkg-config is at least version 0.16
configure:18555: result: yes
configure:18572: $PKG_CONFIG --exists --print-errors "gio-2.0"
configure:18575: $? = 0
configure:18697: checking for mawk
configure:18720: found /usr/bin/mawk
configure:18732: result: /usr/bin/mawk
configure:18747: checking for perl5
configure:18785: result: no
configure:18747: checking for perl
configure:18770: found /usr/bin/perl
configure:18782: result: /usr/bin/perl
configure:18811: checking for library containing sqrt
configure:18841: gcc -o conftest    conftest.c  >&5
conftest.c:34:6: warning: conflicting types for built-in function 'sqrt'; expected 'double(double)' [-Wbuiltin-declaration-mismatch]
   34 | char sqrt ();
      |      ^~~~
conftest.c:1:1: note: 'sqrt' is declared in header '<math.h>'
    1 | /* confdefs.h */
/usr/bin/ld: /tmp/ccKiUPHb.o: in function `main':
conftest.c:(.text+0xe): undefined reference to `sqrt'
collect2: error: ld returned 1 exit status
configure:18841: $? = 1
configure: failed program was:
| /* confdefs.h */
| #define PACKAGE_NAME "mate-desktop"
| #define PACKAGE_TARNAME "mate-desktop"
| #define PACKAGE_VERSION "1.29.0"
| #define PACKAGE_STRING "mate-desktop 1.29.0"
| #define PACKAGE_BUGREPORT "https://github.com/mate-desktop/mate-desktop/"
| #define PACKAGE_URL ""
| #define PACKAGE "mate-desktop"
| #define VERSION "1.29.0"
| #define NDEBUG 1
| #define HAVE_STDIO_H 1
| #define HAVE_STDLIB_H 1
| #define HAVE_STRING_H 1
| #define HAVE_INTTYPES_H 1
| #define HAVE_STDINT_H 1
| #define HAVE_STRINGS_H 1
| #define HAVE_SYS_STAT_H 1
| #define HAVE_SYS_TYPES_H 1
| #define HAVE_UNISTD_H 1
| #define STDC_HEADERS 1
| #define HAVE_DLFCN_H 1
| #define LT_OBJDIR ".libs/"
| #define HAVE_STARTUP_NOTIFICATION /**/
| #define HAVE_RANDR 1
| #define ENABLE_NLS 1
| #define HAVE_GETTEXT 1
| #define HAVE_DCGETTEXT 1
| #define GETTEXT_PACKAGE "mate-desktop"
| /* end confdefs.h.  */
| 
| /* Override any GCC internal prototype to avoid an error.
|    Use char because int might match the return type of a GCC
|    builtin and then its argument prototype would still apply.  */
| char sqrt ();
| int
| main (void)
| {
| return sqrt ();
|   ;
|   return 0;
| }
configure:18841: gcc -o conftest    conftest.c -lm   >&5
conftest.c:34:6: warning: conflicting types for built-in function 'sqrt'; expected 'double(double)' [-Wbuiltin-declaration-mismatch]
   34 | char sqrt ();
      |      ^~~~
conftest.c:1:1: note: 'sqrt' is declared in header '<math.h>'
    1 | /* confdefs.h */
configure:18841: $? = 0
configure:18861: result: -lm
configure:18876: checking for gtk-doc
configure:18879: $PKG_CONFIG --exists --print-errors "$gtk_doc_requires"
configure:18882: $? = 0
configure:18888: result: yes
configure:18902: checking for gtkdoc-check
configure:18923: found /usr/bin/gtkdoc-check
configure:18934: result: gtkdoc-check.test
configure:18944: checking for gtkdoc-check
configure:18967: found /usr/bin/gtkdoc-check
configure:18979: result: /usr/bin/gtkdoc-check
configure:18991: checking for gtkdoc-rebase
configure:19014: found /usr/bin/gtkdoc-rebase
configure:19026: result: /usr/bin/gtkdoc-rebase
configure:19040: checking for gtkdoc-mkpdf
configure:19063: found /usr/bin/gtkdoc-mkpdf
configure:19075: result: /usr/bin/gtkdoc-mkpdf
configure:19105: checking whether to build gtk-doc documentation
configure:19107: result: no
configure:19120: checking for glib-2.0 >= 2.10.0 gobject-2.0  >= 2.10.0
configure:19127: $PKG_CONFIG --exists --print-errors "glib-2.0 >= 2.10.0 gobject-2.0  >= 2.10.0"
configure:19130: $? = 0
configure:19144: $PKG_CONFIG --exists --print-errors "glib-2.0 >= 2.10.0 gobject-2.0  >= 2.10.0"
configure:19147: $? = 0
configure:19185: result: yes
configure:19269: checking for rsvg-convert
configure:19307: result: no
configure:19425: checking that generated files are newer than configure
configure:19431: result: done
configure:19502: creating ./config.status

## ---------------------- ##
## Running config.status. ##
## ---------------------- ##

This file was extended by mate-desktop config.status 1.29.0, which was
generated by GNU Autoconf 2.71.  Invocation command line was

  CONFIG_FILES    = 
  CONFIG_HEADERS  = 
  CONFIG_LINKS    = 
  CONFIG_COMMANDS = 
  $ ./config.status 

on dh-Vivobook-Go-E1504GAB-E1504GA

config.status:1253: creating Makefile
config.status:1253: creating mate-about/Makefile
config.status:1253: creating mate-about/mate-about.h
config.status:1253: creating mate-about/mate-version.xml
config.status:1253: creating libmate-desktop/Makefile
config.status:1253: creating libmate-desktop/mate-desktop.h
config.status:1253: creating libmate-desktop/mate-desktop-2.0.pc
config.status:1253: creating libmate-desktop/mate-desktop-2.0-uninstalled.pc
config.status:1253: creating docs/Makefile
config.status:1253: creating docs/reference/Makefile
config.status:1253: creating docs/reference/mate-desktop/Makefile
config.status:1253: creating po/Makefile.in
config.status:1253: creating schemas/Makefile
config.status:1253: creating schemas/org.mate.background.gschema.xml
config.status:1361: WARNING:  '../schemas/org.mate.background.gschema.xml.in' seems to ignore the --datarootdir setting
config.status:1253: creating man/Makefile
config.status:1253: creating tools/Makefile
config.status:1253: creating icons/Makefile
config.status:1253: creating xdg-portal/Makefile
config.status:1253: creating config.h
config.status:1467: executing depfiles commands
config.status:1544: cd mate-about       && sed -e '/# am--include-marker/d' Makefile         | make -f - am--depfiles
config.status:1549: $? = 0
config.status:1544: cd libmate-desktop       && sed -e '/# am--include-marker/d' Makefile         | make -f - am--depfiles
config.status:1549: $? = 0
config.status:1544: cd tools       && sed -e '/# am--include-marker/d' Makefile         | make -f - am--depfiles
config.status:1549: $? = 0
config.status:1467: executing libtool commands
config.status:1467: executing po-directories commands

## ---------------- ##
## Cache variables. ##
## ---------------- ##

ac_cv_build=x86_64-pc-linux-gnu
ac_cv_c_compiler_gnu=yes
ac_cv_env_CC_set=
ac_cv_env_CC_value=
ac_cv_env_CFLAGS_set=
ac_cv_env_CFLAGS_value=
ac_cv_env_CPPFLAGS_set=
ac_cv_env_CPPFLAGS_value=
ac_cv_env_CPP_set=
ac_cv_env_CPP_value=
ac_cv_env_DCONF_CFLAGS_set=
ac_cv_env_DCONF_CFLAGS_value=
ac_cv_env_DCONF_LIBS_set=
ac_cv_env_DCONF_LIBS_value=
ac_cv_env_GLIB_COMPILE_SCHEMAS_set=
ac_cv_env_GLIB_COMPILE_SCHEMAS_value=
ac_cv_env_GTKDOC_DEPS_CFLAGS_set=
ac_cv_env_GTKDOC_DEPS_CFLAGS_value=
ac_cv_env_GTKDOC_DEPS_LIBS_set=
ac_cv_env_GTKDOC_DEPS_LIBS_value=
ac_cv_env_LDFLAGS_set=
ac_cv_env_LDFLAGS_value=
ac_cv_env_LIBS_set=
ac_cv_env_LIBS_value=
ac_cv_env_LT_SYS_LIBRARY_PATH_set=
ac_cv_env_LT_SYS_LIBRARY_PATH_value=
ac_cv_env_MATE_ABOUT_CFLAGS_set=
ac_cv_env_MATE_ABOUT_CFLAGS_value=
ac_cv_env_MATE_ABOUT_LIBS_set=
ac_cv_env_MATE_ABOUT_LIBS_value=
ac_cv_env_MATE_DESKTOP_CFLAGS_set=
ac_cv_env_MATE_DESKTOP_CFLAGS_value=
ac_cv_env_MATE_DESKTOP_LIBS_set=
ac_cv_env_MATE_DESKTOP_LIBS_value=
ac_cv_env_PKG_CONFIG_LIBDIR_set=
ac_cv_env_PKG_CONFIG_LIBDIR_value=
ac_cv_env_PKG_CONFIG_PATH_set=
ac_cv_env_PKG_CONFIG_PATH_value=
ac_cv_env_PKG_CONFIG_set=
ac_cv_env_PKG_CONFIG_value=
ac_cv_env_XLIB_CFLAGS_set=
ac_cv_env_XLIB_CFLAGS_value=
ac_cv_env_XLIB_LIBS_set=
ac_cv_env_XLIB_LIBS_value=
ac_cv_env_XMKMF_set=
ac_cv_env_XMKMF_value=
ac_cv_env_build_alias_set=
ac_cv_env_build_alias_value=
ac_cv_env_host_alias_set=
ac_cv_env_host_alias_value=
ac_cv_env_target_alias_set=
ac_cv_env_target_alias_value=
ac_cv_have_x='have_x=yes	ac_x_includes='\'''\''	ac_x_libraries='\'''\'''
ac_cv_header_dlfcn_h=yes
ac_cv_header_inttypes_h=yes
ac_cv_header_stdint_h=yes
ac_cv_header_stdio_h=yes
ac_cv_header_stdlib_h=yes
ac_cv_header_string_h=yes
ac_cv_header_strings_h=yes
ac_cv_header_sys_stat_h=yes
ac_cv_header_sys_types_h=yes
ac_cv_header_unistd_h=yes
ac_cv_host=x86_64-pc-linux-gnu
ac_cv_objext=o
ac_cv_path_AWK=/usr/bin/mawk
ac_cv_path_EGREP='/usr/bin/grep -E'
ac_cv_path_FGREP='/usr/bin/grep -F'
ac_cv_path_GMSGFMT=/usr/bin/msgfmt
ac_cv_path_GREP=/usr/bin/grep
ac_cv_path_GTKDOC_CHECK_PATH=/usr/bin/gtkdoc-check
ac_cv_path_GTKDOC_MKPDF=/usr/bin/gtkdoc-mkpdf
ac_cv_path_GTKDOC_REBASE=/usr/bin/gtkdoc-rebase
ac_cv_path_MSGFMT=/usr/bin/msgfmt
ac_cv_path_MSGMERGE=/usr/bin/msgmerge
ac_cv_path_PERL=/usr/bin/perl
ac_cv_path_SED=/usr/bin/sed
ac_cv_path_XGETTEXT=/usr/bin/xgettext
ac_cv_path_ac_pt_PKG_CONFIG=/usr/bin/pkg-config
ac_cv_path_install='/usr/bin/install -c'
ac_cv_path_lt_DD=/usr/bin/dd
ac_cv_path_mkdir=/usr/bin/mkdir
ac_cv_prog_AWK=mawk
ac_cv_prog_CPP='gcc -E'
ac_cv_prog_GTKDOC_CHECK=gtkdoc-check.test
ac_cv_prog_ac_ct_AR=ar
ac_cv_prog_ac_ct_CC=gcc
ac_cv_prog_ac_ct_FILECMD=file
ac_cv_prog_ac_ct_MANIFEST_TOOL=mt
ac_cv_prog_ac_ct_OBJDUMP=objdump
ac_cv_prog_ac_ct_RANLIB=ranlib
ac_cv_prog_ac_ct_STRIP=strip
ac_cv_prog_cc_c11=
ac_cv_prog_cc_g=yes
ac_cv_prog_cc_stdc=
ac_cv_prog_make_make_set=yes
ac_cv_search_sqrt=-lm
acl_cv_hardcode_direct=no
acl_cv_hardcode_libdir_flag_spec='${wl}-rpath ${wl}$libdir'
acl_cv_hardcode_libdir_separator=
acl_cv_hardcode_minus_L=no
acl_cv_libext=a
acl_cv_libname_spec='lib$name'
acl_cv_library_names_spec='$libname$shrext'
acl_cv_path_LD='/usr/bin/ld -m elf_x86_64'
acl_cv_prog_gnu_ld=yes
acl_cv_rpath=done
acl_cv_shlibext=so
acl_cv_wl=-Wl,
am_cv_CC_dependencies_compiler_type=gcc3
am_cv_make_support_nested_variables=yes
am_cv_prog_cc_c_o=yes
am_cv_prog_tar_ustar=gnutar
ax_cv_check_cflags__Wall=yes
ax_cv_check_cflags__Wmissing_prototypes=yes
ax_cv_check_cflags___Werror_unknown_warning_option=no
gt_cv_func_CFLocaleCopyCurrent=no
gt_cv_func_CFPreferencesCopyAppValue=no
gt_cv_func_gnugettext1_libc=yes
lt_cv_ar_at_file=@
lt_cv_archive_cmds_need_lc=no
lt_cv_deplibs_check_method=pass_all
lt_cv_file_magic_cmd='$MAGIC_CMD'
lt_cv_file_magic_test_file=
lt_cv_ld_reload_flag=-r
lt_cv_nm_interface='BSD nm'
lt_cv_objdir=.libs
lt_cv_path_LD=/usr/bin/ld
lt_cv_path_NM='/usr/bin/nm -B'
lt_cv_path_mainfest_tool=no
lt_cv_prog_compiler_c_o=yes
lt_cv_prog_compiler_pic='-fPIC -DPIC'
lt_cv_prog_compiler_pic_works=yes
lt_cv_prog_compiler_rtti_exceptions=no
lt_cv_prog_compiler_static_works=yes
lt_cv_prog_gnu_ld=yes
lt_cv_sharedlib_from_linklib_cmd='printf %s\n'
lt_cv_shlibpath_overrides_runpath=yes
lt_cv_sys_global_symbol_pipe='/usr/bin/sed -n -e '\''s/^.*[	 ]\([ABCDGIRSTW][ABCDGIRSTW]*\)[	 ][	 ]*\([_A-Za-z][_A-Za-z0-9]*\)$/\1 \2 \2/p'\'' | /usr/bin/sed '\''/ __gnu_lto/d'\'''
lt_cv_sys_global_symbol_to_c_name_address='/usr/bin/sed -n -e '\''s/^: \(.*\) .*$/  {"\1", (void *) 0},/p'\'' -e '\''s/^[ABCDGIRSTW][ABCDGIRSTW]* .* \(.*\)$/  {"\1", (void *) \&\1},/p'\'''
lt_cv_sys_global_symbol_to_c_name_address_lib_prefix='/usr/bin/sed -n -e '\''s/^: \(.*\) .*$/  {"\1", (void *) 0},/p'\'' -e '\''s/^[ABCDGIRSTW][ABCDGIRSTW]* .* \(lib.*\)$/  {"\1", (void *) \&\1},/p'\'' -e '\''s/^[ABCDGIRSTW][ABCDGIRSTW]* .* \(.*\)$/  {"lib\1", (void *) \&\1},/p'\'''
lt_cv_sys_global_symbol_to_cdecl='/usr/bin/sed -n -e '\''s/^T .* \(.*\)$/extern int \1();/p'\'' -e '\''s/^[ABCDGIRSTW][ABCDGIRSTW]* .* \(.*\)$/extern char \1;/p'\'''
lt_cv_sys_global_symbol_to_import=
lt_cv_sys_max_cmd_len=1572864
lt_cv_to_host_file_cmd=func_convert_file_noop
lt_cv_to_tool_file_cmd=func_convert_file_noop
lt_cv_truncate_bin='/usr/bin/dd bs=4096 count=1'
pkg_cv_DCONF_CFLAGS='-I/usr/include/dconf -I/usr/include/glib-2.0 -I/usr/lib/x86_64-linux-gnu/glib-2.0/include -pthread -I/usr/include/libmount -I/usr/include/blkid '
pkg_cv_DCONF_LIBS='-ldconf -lgio-2.0 -lgobject-2.0 -lglib-2.0 '
pkg_cv_GLIB_COMPILE_SCHEMAS=/usr/lib/x86_64-linux-gnu/glib-2.0/glib-compile-schemas
pkg_cv_GTKDOC_DEPS_CFLAGS='-I/usr/include/glib-2.0 -I/usr/lib/x86_64-linux-gnu/glib-2.0/include '
pkg_cv_GTKDOC_DEPS_LIBS='-lgobject-2.0 -lglib-2.0 '
pkg_cv_MATE_ABOUT_CFLAGS='-I/usr/include/gtk-3.0 -I/usr/include/pango-1.0 -I/usr/include/glib-2.0 -I/usr/lib/x86_64-linux-gnu/glib-2.0/include -I/usr/include/harfbuzz -I/usr/include/freetype2 -I/usr/include/libpng16 -I/usr/include/libmount -I/usr/include/blkid -I/usr/include/fribidi -I/usr/include/cairo -I/usr/include/pixman-1 -I/usr/include/gdk-pixbuf-2.0 -I/usr/include/x86_64-linux-gnu -I/usr/include/webp -I/usr/include/gio-unix-2.0 -I/usr/include/atk-1.0 -I/usr/include/at-spi2-atk/2.0 -I/usr/include/at-spi-2.0 -I/usr/include/dbus-1.0 -I/usr/lib/x86_64-linux-gnu/dbus-1.0/include -pthread '
pkg_cv_MATE_ABOUT_LIBS='-lgtk-3 -lgdk-3 -lz -lpangocairo-1.0 -lpango-1.0 -lharfbuzz -latk-1.0 -lcairo-gobject -lcairo -lgdk_pixbuf-2.0 -lgio-2.0 -lgobject-2.0 -lglib-2.0 '
pkg_cv_MATE_DESKTOP_CFLAGS='-I/usr/include/gdk-pixbuf-2.0 -I/usr/include/glib-2.0 -I/usr/lib/x86_64-linux-gnu/glib-2.0/include -I/usr/include/libpng16 -I/usr/include/x86_64-linux-gnu -I/usr/include/webp -I/usr/include/libmount -I/usr/include/blkid -I/usr/include/gtk-3.0 -I/usr/include/pango-1.0 -I/usr/include/harfbuzz -I/usr/include/freetype2 -I/usr/include/fribidi -I/usr/include/cairo -I/usr/include/pixman-1 -I/usr/include/gio-unix-2.0 -I/usr/include/atk-1.0 -I/usr/include/at-spi2-atk/2.0 -I/usr/include/at-spi-2.0 -I/usr/include/dbus-1.0 -I/usr/lib/x86_64-linux-gnu/dbus-1.0/include -pthread -I/usr/include/startup-notification-1.0 '
pkg_cv_MATE_DESKTOP_LIBS='-lgtk-3 -lgdk-3 -lz -lpangocairo-1.0 -lpango-1.0 -lharfbuzz -latk-1.0 -lcairo-gobject -lcairo -lgdk_pixbuf-2.0 -lgio-2.0 -lgobject-2.0 -lglib-2.0 -lstartup-notification-1 -lXrandr '
pkg_cv_XLIB_CFLAGS=
pkg_cv_XLIB_LIBS='-lX11 '

## ----------------- ##
## Output variables. ##
## ----------------- ##










		$(INSTALL_DATA) $^ "$(DESTDIR)$(gsettingsschemadir)"; \
		test -n "$(GSETTINGS_DISABLE_SCHEMAS_COMPILE)$(DESTDIR)" || $(GLIB_COMPILE_SCHEMAS) $(gsettingsschemadir); \
		test -z "$(gsettingsschemadir)" || $(MKDIR_P) "$(DESTDIR)$(gsettingsschemadir)"; \
	$(AM_V_GEN) $(GLIB_COMPILE_SCHEMAS) --strict --dry-run $(addprefix --schema-file=,$(gsettings__enum_file)) --schema-file=$< && mkdir -p $(@D) && touch $@
	$(AM_V_GEN) glib-mkenums --comments '\''<!-- @comment@ -->'\'' --fhead "<schemalist>" --vhead "  <@type@ id='\''$(gsettings_ENUM_NAMESPACE).@EnumName@'\''>" --vprod "    <value nick='\''@valuenick@'\'' value='\''@valuenum@'\''/>" --vtail "  </@type@>" --ftail "</schemalist>" $^ > $@.tmp && mv $@.tmp $@
	@$(NORMAL_INSTALL)
	@$(NORMAL_UNINSTALL)
	@list='\''$(gsettings_SCHEMAS) $(gsettings__enum_file)'\''; test -n "$(gsettingsschemadir)" || list=; \
	cd "$(DESTDIR)$(gsettingsschemadir)" && rm -f $$files
	echo " ( cd '\''$(DESTDIR)$(gsettingsschemadir)'\'' && rm -f" $$files ")"; \
	fi
	files=`for p in $$list; do echo $$p; done | sed -e '\''s|^.*/||'\''`; \
	if test -n "$^"; then \
	rm -f $(gsettings_SCHEMAS:.xml=.valid) $(gsettings__enum_file)
	test -n "$$files" || exit 0; \
	test -n "$(GSETTINGS_DISABLE_SCHEMAS_COMPILE)$(DESTDIR)" || $(GLIB_COMPILE_SCHEMAS) $(gsettingsschemadir)
$(gsettings__enum_file): $(gsettings_ENUM_FILES)
%.gschema.valid: %.gschema.xml $(gsettings__enum_file)
.PHONY : uninstall-gsettings-schemas install-gsettings-schemas clean-gsettings-schemas
.SECONDARY: $(gsettings_SCHEMAS)
ACLOCAL='${SHELL} '\''/home/dh_asus_viv/mate-desktop/build-aux/missing'\'' aclocal-1.16'
ACLOCAL_AMFLAGS='${ACLOCAL_FLAGS}'
AMDEPBACKSLASH='\'
AMDEP_FALSE='#'
AMDEP_TRUE=''
AMTAR='$${TAR-tar}'
AM_BACKSLASH='\'
AM_DEFAULT_V='$(AM_DEFAULT_VERBOSITY)'
AM_DEFAULT_VERBOSITY='0'
AM_V='$(V)'
AR='ar'
AUTOCONF='${SHELL} '\''/home/dh_asus_viv/mate-desktop/build-aux/missing'\'' autoconf'
AUTOHEADER='${SHELL} '\''/home/dh_asus_viv/mate-desktop/build-aux/missing'\'' autoheader'
AUTOMAKE='${SHELL} '\''/home/dh_asus_viv/mate-desktop/build-aux/missing'\'' automake-1.16'
AWK='/usr/bin/mawk'
CC='gcc'
CCDEPMODE='depmode=gcc3'
CFLAGS=''
CPP='gcc -E'
CPPFLAGS=''
CSCOPE='cscope'
CTAGS='ctags'
CYGPATH_W='echo'
DCONF_CFLAGS='-I/usr/include/dconf -I/usr/include/glib-2.0 -I/usr/lib/x86_64-linux-gnu/glib-2.0/include -pthread -I/usr/include/libmount -I/usr/include/blkid '
DCONF_LIBS='-ldconf -lgio-2.0 -lgobject-2.0 -lglib-2.0 '
DEFS='-DHAVE_CONFIG_H'
DEPDIR='.deps'
DISABLE_DEPRECATED=''
DISABLE_DEPRECATED_CFLAGS=''
DLLTOOL='false'
DSYMUTIL=''
DUMPBIN=''
ECHO_C=''
ECHO_N='-n'
ECHO_T=''
EGREP='/usr/bin/grep -E'
ENABLE_GTK_DOC_FALSE=''
ENABLE_GTK_DOC_TRUE='#'
ETAGS='etags'
EXEEXT=''
FGREP='/usr/bin/grep -F'
FILECMD='file'
GETTEXT_MACRO_VERSION='0.19'
GETTEXT_PACKAGE='mate-desktop'
GLIB_COMPILE_SCHEMAS='/usr/lib/x86_64-linux-gnu/glib-2.0/glib-compile-schemas'
GMSGFMT='/usr/bin/msgfmt'
GMSGFMT_015='/usr/bin/msgfmt'
GREP='/usr/bin/grep'
GSETTINGS_DISABLE_SCHEMAS_COMPILE=''
GSETTINGS_RULES='
GTKDOC_CHECK='gtkdoc-check.test'
GTKDOC_CHECK_PATH='/usr/bin/gtkdoc-check'
GTKDOC_DEPS_CFLAGS='-I/usr/include/glib-2.0 -I/usr/lib/x86_64-linux-gnu/glib-2.0/include '
GTKDOC_DEPS_LIBS='-lgobject-2.0 -lglib-2.0 '
GTKDOC_MKPDF='/usr/bin/gtkdoc-mkpdf'
GTKDOC_REBASE='/usr/bin/gtkdoc-rebase'
GTK_DOC_BUILD_HTML_FALSE='#'
GTK_DOC_BUILD_HTML_TRUE=''
GTK_DOC_BUILD_PDF_FALSE=''
GTK_DOC_BUILD_PDF_TRUE='#'
GTK_DOC_USE_LIBTOOL_FALSE='#'
GTK_DOC_USE_LIBTOOL_TRUE=''
GTK_DOC_USE_REBASE_FALSE='#'
GTK_DOC_USE_REBASE_TRUE=''
HAVE_GTK_DOC_FALSE='#'
HAVE_GTK_DOC_TRUE=''
HAVE_INTROSPECTION_FALSE=''
HAVE_INTROSPECTION_TRUE='#'
HAVE_RSVG_CONVERT_FALSE=''
HAVE_RSVG_CONVERT_TRUE='#'
HTML_DIR='${datadir}/gtk-doc/html'
INSTALL_DATA='${INSTALL} -m 644'
INSTALL_PROGRAM='${INSTALL}'
INSTALL_SCRIPT='${INSTALL}'
INSTALL_STRIP_PROGRAM='$(install_sh) -c -s'
INTLLIBS=''
INTL_MACOSX_LIBS=''
ISO_CODES_PREFIX='/usr'
LD='/usr/bin/ld -m elf_x86_64'
LDFLAGS=''
LIBICONV='-liconv'
LIBINTL=''
LIBOBJS=''
LIBS='-lm '
LIBTOOL='$(SHELL) $(top_builddir)/libtool'
LIPO=''
LN_S='ln -s'
LTLIBICONV='-liconv'
LTLIBINTL=''
LTLIBOBJS=''
LT_SYS_LIBRARY_PATH=''
LT_VERSION='18:4:1'
MAINT='#'
MAINTAINER_MODE_FALSE=''
MAINTAINER_MODE_TRUE='#'
MAKEINFO='${SHELL} '\''/home/dh_asus_viv/mate-desktop/build-aux/missing'\'' makeinfo'
MANIFEST_TOOL=':'
MATE_ABOUT_CFLAGS='-I/usr/include/gtk-3.0 -I/usr/include/pango-1.0 -I/usr/include/glib-2.0 -I/usr/lib/x86_64-linux-gnu/glib-2.0/include -I/usr/include/harfbuzz -I/usr/include/freetype2 -I/usr/include/libpng16 -I/usr/include/libmount -I/usr/include/blkid -I/usr/include/fribidi -I/usr/include/cairo -I/usr/include/pixman-1 -I/usr/include/gdk-pixbuf-2.0 -I/usr/include/x86_64-linux-gnu -I/usr/include/webp -I/usr/include/gio-unix-2.0 -I/usr/include/atk-1.0 -I/usr/include/at-spi2-atk/2.0 -I/usr/include/at-spi-2.0 -I/usr/include/dbus-1.0 -I/usr/lib/x86_64-linux-gnu/dbus-1.0/include -pthread '
MATE_ABOUT_ENABLED_FALSE='#'
MATE_ABOUT_ENABLED_TRUE=''
MATE_ABOUT_LIBS='-lgtk-3 -lgdk-3 -lz -lpangocairo-1.0 -lpango-1.0 -lharfbuzz -latk-1.0 -lcairo-gobject -lcairo -lgdk_pixbuf-2.0 -lgio-2.0 -lgobject-2.0 -lglib-2.0 '
MATE_DATE='2026-01-14'
MATE_DATE_COMMENT_END='-->'
MATE_DATE_COMMENT_START='<!--'
MATE_DESKTOP_CFLAGS='-I/usr/include/gdk-pixbuf-2.0 -I/usr/include/glib-2.0 -I/usr/lib/x86_64-linux-gnu/glib-2.0/include -I/usr/include/libpng16 -I/usr/include/x86_64-linux-gnu -I/usr/include/webp -I/usr/include/libmount -I/usr/include/blkid -I/usr/include/gtk-3.0 -I/usr/include/pango-1.0 -I/usr/include/harfbuzz -I/usr/include/freetype2 -I/usr/include/fribidi -I/usr/include/cairo -I/usr/include/pixman-1 -I/usr/include/gio-unix-2.0 -I/usr/include/atk-1.0 -I/usr/include/at-spi2-atk/2.0 -I/usr/include/at-spi-2.0 -I/usr/include/dbus-1.0 -I/usr/lib/x86_64-linux-gnu/dbus-1.0/include -pthread -I/usr/include/startup-notification-1.0 '
MATE_DESKTOP_LIBS='-lgtk-3 -lgdk-3 -lz -lpangocairo-1.0 -lpango-1.0 -lharfbuzz -latk-1.0 -lcairo-gobject -lcairo -lgdk_pixbuf-2.0 -lgio-2.0 -lgobject-2.0 -lglib-2.0 -lstartup-notification-1 -lXrandr '
MATE_MICRO='0'
MATE_MINOR='29'
MATE_PLATFORM='1'
MKDIR_P='/usr/bin/mkdir -p'
MSGFMT='/usr/bin/msgfmt'
MSGFMT_015='/usr/bin/msgfmt'
MSGMERGE='/usr/bin/msgmerge'
NM='/usr/bin/nm -B'
NMEDIT=''
OBJDUMP='objdump'
OBJEXT='o'
OTOOL64=''
OTOOL=''
PACKAGE='mate-desktop'
PACKAGE_BUGREPORT='https://github.com/mate-desktop/mate-desktop/'
PACKAGE_NAME='mate-desktop'
PACKAGE_STRING='mate-desktop 1.29.0'
PACKAGE_TARNAME='mate-desktop'
PACKAGE_URL=''
PACKAGE_VERSION='1.29.0'
PATH_SEPARATOR=':'
PERL='/usr/bin/perl'
PKG_CONFIG='/usr/bin/pkg-config'
PKG_CONFIG_LIBDIR=''
PKG_CONFIG_PATH=''
PNP_IDS='${pnpdatadir}/pnp.ids'
POSUB='po'
RANDR_PACKAGE='xrandr'
RANLIB='ranlib'
REBUILD=''
RELEASE_YEAR='2026'
RSVG_CONVERT=''
SED='/usr/bin/sed'
SET_MAKE=''
SHELL='/bin/bash'
STARTUP_NOTIFICATION_PACKAGE='libstartup-notification-1.0'
STRIP='strip'
USE_INTERNAL_PNP_IDS_FALSE='#'
USE_INTERNAL_PNP_IDS_TRUE=''
USE_NLS='yes'
VERSION='1.29.0'
WARN_CFLAGS='-Wall -Wmissing-prototypes'
X11_PACKAGE='x11'
XGETTEXT='/usr/bin/xgettext'
XGETTEXT_015='/usr/bin/xgettext'
XGETTEXT_EXTRA_OPTIONS=''
XLIB_CFLAGS=''
XLIB_LIBS='-lX11 '
XMKMF=''
X_CFLAGS=''
X_EXTRA_LIBS=''
X_LIBS=''
X_PRE_LIBS=''
ac_ct_AR='ar'
ac_ct_CC='gcc'
ac_ct_DUMPBIN=''
all-am: $(gsettings_SCHEMAS:.xml=.valid)
am__EXEEXT_FALSE=''
am__EXEEXT_TRUE='#'
am__fastdepCC_FALSE='#'
am__fastdepCC_TRUE=''
am__include='include'
am__isrc=' -I$(srcdir)'
am__leading_dot='.'
am__nodep='_no'
am__quote=''
am__tar='tar --format=ustar -chf - "$$tardir"'
am__untar='tar -xf -'
bindir='${exec_prefix}/bin'
build='x86_64-pc-linux-gnu'
build_alias=''
build_cpu='x86_64'
build_os='linux-gnu'
build_vendor='pc'
clean-gsettings-schemas:
datadir='${datarootdir}'
datarootdir='${prefix}/share'
docdir='${datarootdir}/doc/${PACKAGE_TARNAME}'
dvidir='${docdir}'
endif'
exec_prefix='${prefix}'
gsettings__enum_file = $(addsuffix .enums.xml,$(gsettings_ENUM_NAMESPACE))
gsettingsschemadir='${datarootdir}/glib-2.0/schemas'
host='x86_64-pc-linux-gnu'
host_alias=''
host_cpu='x86_64'
host_os='linux-gnu'
host_vendor='pc'
htmldir='${docdir}'
ifdef gsettings_ENUM_NAMESPACE
includedir='${prefix}/include'
infodir='${datarootdir}/info'
install-data-am: install-gsettings-schemas
install-gsettings-schemas: $(gsettings_SCHEMAS) $(gsettings__enum_file)
install_sh='${SHELL} /home/dh_asus_viv/mate-desktop/build-aux/install-sh'
libdir='${exec_prefix}/lib'
libexecdir='${exec_prefix}/libexec'
localedir='${datarootdir}/locale'
localstatedir='${prefix}/var'
mandir='${datarootdir}/man'
mkdir_p='$(MKDIR_P)'
mostlyclean-am: clean-gsettings-schemas
oldincludedir='/usr/include'
pdfdir='${docdir}'
prefix='/usr/local'
program_transform_name='s,x,x,'
psdir='${docdir}'
runstatedir='${localstatedir}/run'
sbindir='${exec_prefix}/sbin'
sharedstatedir='${prefix}/com'
sysconfdir='${prefix}/etc'
target_alias=''
uninstall-am: uninstall-gsettings-schemas
uninstall-gsettings-schemas:

## ----------- ##
## confdefs.h. ##
## ----------- ##

/* confdefs.h */
#define PACKAGE_NAME "mate-desktop"
#define PACKAGE_TARNAME "mate-desktop"
#define PACKAGE_VERSION "1.29.0"
#define PACKAGE_STRING "mate-desktop 1.29.0"
#define PACKAGE_BUGREPORT "https://github.com/mate-desktop/mate-desktop/"
#define PACKAGE_URL ""
#define PACKAGE "mate-desktop"
#define VERSION "1.29.0"
#define NDEBUG 1
#define HAVE_STDIO_H 1
#define HAVE_STDLIB_H 1
#define HAVE_STRING_H 1
#define HAVE_INTTYPES_H 1
#define HAVE_STDINT_H 1
#define HAVE_STRINGS_H 1
#define HAVE_SYS_STAT_H 1
#define HAVE_SYS_TYPES_H 1
#define HAVE_UNISTD_H 1
#define STDC_HEADERS 1
#define HAVE_DLFCN_H 1
#define LT_OBJDIR ".libs/"
#define HAVE_STARTUP_NOTIFICATION /**/
#define HAVE_RANDR 1
#define ENABLE_NLS 1
#define HAVE_GETTEXT 1
#define HAVE_DCGETTEXT 1
#define GETTEXT_PACKAGE "mate-desktop"

configure: exit 0

## ---------------------- ##
## Running config.status. ##
## ---------------------- ##

This file was extended by mate-desktop config.status 1.29.0, which was
generated by GNU Autoconf 2.71.  Invocation command line was

  CONFIG_FILES    = 
  CONFIG_HEADERS  = 
  CONFIG_LINKS    = 
  CONFIG_COMMANDS = 
  $ ./config.status po/Makefile.in po-directories

on dh-Vivobook-Go-E1504GAB-E1504GA

config.status:1253: creating po/Makefile.in
config.status:1467: executing po-directories commands
